{
  "stats": {
    "suites": 1,
    "tests": 1,
    "passes": 0,
    "pending": 0,
    "failures": 1,
    "start": "2024-11-06T08:13:23.176Z",
    "end": "2024-11-06T08:13:40.224Z",
    "duration": 17048,
    "testsRegistered": 1,
    "passPercent": 0,
    "pendingPercent": 0,
    "other": 0,
    "hasOther": false,
    "skipped": 0,
    "hasSkipped": false
  },
  "results": [
    {
      "uuid": "81856c54-b666-4536-b7c6-ec0134433654",
      "title": "",
      "fullFile": "cypress/e2e/Expense.cy.js",
      "file": "cypress/e2e/Expense.cy.js",
      "beforeHooks": [],
      "afterHooks": [],
      "tests": [],
      "suites": [
        {
          "uuid": "70ac032c-ddeb-4418-a554-480cf2c7ea38",
          "title": "Expense Submit",
          "fullFile": "",
          "file": "",
          "beforeHooks": [],
          "afterHooks": [],
          "tests": [
            {
              "title": "Expense Submit with receipt list & manuall add",
              "fullTitle": "Expense Submit Expense Submit with receipt list & manuall add",
              "timedOut": null,
              "duration": 16075,
              "state": "failed",
              "speed": null,
              "pass": false,
              "fail": true,
              "pending": false,
              "context": "{\n  \"title\": \"cypress-mochawesome-reporter-screenshots\",\n  \"value\": [\n    [\n      \"/Expense.cy.js/Expense Submit -- Expense Submit with receipt list & manuall add (failed).png\"\n    ]\n  ]\n}",
              "code": "cy.fixture('Login').then(approval => {\n  lp.launch();\n  lp.login(approval.email, approval.password);\n  lp.popupoverride();\n  ep.addexpense();\n  cy.fixture('Expense').then(rec => {\n    ep.basicreceipt(rec.expensetype, rec.description, rec.country, rec.cost, rec.paymenttype, rec.vendor);\n    cy.fixture('Templatefields').then(fields => {\n      ep.templatefields(fields.vendor, fields.location, fields.items);\n    });\n    ep.recepitlist();\n  });\n});",
              "err": {
                "message": "AssertionError: Timed out retrying after 4000ms: Expected to find element: `#kt_typeahead_vl`, but never found it.",
                "estack": "AssertionError: Timed out retrying after 4000ms: Expected to find element: `#kt_typeahead_vl`, but never found it.\n    at Context.eval (webpack://trackex/./cypress/e2e/Pages/Expensepage.js:170:13)",
                "diff": null
              },
              "uuid": "d55d3ad4-7d07-4d2b-b696-09b8aee6c8a4",
              "parentUUID": "70ac032c-ddeb-4418-a554-480cf2c7ea38",
              "isHook": false,
              "skipped": false
            }
          ],
          "suites": [],
          "passes": [],
          "failures": [
            "d55d3ad4-7d07-4d2b-b696-09b8aee6c8a4"
          ],
          "pending": [],
          "skipped": [],
          "duration": 16075,
          "root": false,
          "rootEmpty": false,
          "_timeout": 2000
        }
      ],
      "passes": [],
      "failures": [],
      "pending": [],
      "skipped": [],
      "duration": 0,
      "root": true,
      "rootEmpty": true,
      "_timeout": 2000
    }
  ],
  "meta": {
    "mocha": {
      "version": "7.0.1"
    },
    "mochawesome": {
      "options": {
        "quiet": false,
        "reportFilename": "mochawesome",
        "saveHtml": false,
        "saveJson": true,
        "consoleReporter": "spec",
        "useInlineDiffs": false,
        "code": true
      },
      "version": "7.1.3"
    },
    "marge": {
      "options": {
        "overwrite": false,
        "html": false,
        "json": true,
        "reportDir": "cypress/reports/html/.jsons"
      },
      "version": "6.2.0"
    }
  }
}