{
  "stats": {
    "suites": 1,
    "tests": 3,
    "passes": 3,
    "pending": 0,
    "failures": 0,
    "start": "2024-11-06T08:13:41.192Z",
    "end": "2024-11-06T08:14:39.133Z",
    "duration": 57941,
    "testsRegistered": 3,
    "passPercent": 100,
    "pendingPercent": 0,
    "other": 0,
    "hasOther": false,
    "skipped": 0,
    "hasSkipped": false
  },
  "results": [
    {
      "uuid": "1b9fea6a-32a3-4ed1-a847-a09900d9bcff",
      "title": "",
      "fullFile": "cypress/e2e/Expenseapproval.cy.js",
      "file": "cypress/e2e/Expenseapproval.cy.js",
      "beforeHooks": [],
      "afterHooks": [],
      "tests": [],
      "suites": [
        {
          "uuid": "6e9efc7b-6754-40d9-8072-b3aff6c44ed8",
          "title": "Expense Submit",
          "fullFile": "",
          "file": "",
          "beforeHooks": [],
          "afterHooks": [],
          "tests": [
            {
              "title": "Expense Submit with receipt list & manuall add",
              "fullTitle": "Expense Submit Expense Submit with receipt list & manuall add",
              "timedOut": null,
              "duration": 31220,
              "state": "passed",
              "speed": "slow",
              "pass": true,
              "fail": false,
              "pending": false,
              "context": null,
              "code": "cy.fixture('Expenseapproval').then(logindata => {\n  lp.userlogin(logindata.empmail, logindata.password);\n});\nep.addexpense();\ncy.fixture('Expense').then(rec => {\n  ep.basicreceipt(rec.expensetype, rec.description, rec.country, rec.cost, rec.paymenttype, rec.vendor);\n  cy.fixture('Templatefields').then(fields => {\n    ep.templatefields(fields.vendor, fields.location, fields.items);\n  });\n  ep.recepitlist();\n  //checking the expense is submitted or not\n  cy.elementIsPresent(ep.toastmsg).then(isPresent => {\n    if (isPresent) {\n      cy.log('Manager appoval is required');\n      isExpenseSubmitted = true;\n    } else {\n      cy.log('Skipped manager approval');\n    }\n  });\n});\nlp.logout();",
              "err": {},
              "uuid": "2b748c41-b89d-48c4-a6f1-9f26bf32315e",
              "parentUUID": "6e9efc7b-6754-40d9-8072-b3aff6c44ed8",
              "isHook": false,
              "skipped": false
            },
            {
              "title": "Manager Approval",
              "fullTitle": "Expense Submit Manager Approval",
              "timedOut": null,
              "duration": 13801,
              "state": "passed",
              "speed": "slow",
              "pass": true,
              "fail": false,
              "pending": false,
              "context": null,
              "code": "if (isExpenseSubmitted === true) {\n  cy.fixture('Expenseapproval').then(logindata => {\n    lp.launch();\n    lp.login(logindata.mngmail, logindata.password);\n    lp.popupoverride();\n    ap.approveexpense(logindata.expstatus);\n    //checking the expense is submitted or not \n    cy.elementIsPresent(ep.toastmsg).then(isPresent => {\n      if (isPresent && logindata.expstatus.toLowerCase() == 'approve') {\n        cy.log('Accountant settlement is required');\n        isexpensesttled = true;\n      } else {\n        cy.log('Skipped Accountant settlement');\n      }\n    });\n    lp.logout();\n  });\n} else {\n  cy.log('Skipping Manager approval as expense is not submitted ');\n}",
              "err": {},
              "uuid": "ac1a2549-c4c9-447b-8439-95c1811cf94a",
              "parentUUID": "6e9efc7b-6754-40d9-8072-b3aff6c44ed8",
              "isHook": false,
              "skipped": false
            },
            {
              "title": "Accountant Approval",
              "fullTitle": "Expense Submit Accountant Approval",
              "timedOut": null,
              "duration": 12008,
              "state": "passed",
              "speed": "slow",
              "pass": true,
              "fail": false,
              "pending": false,
              "context": null,
              "code": "if (isexpensesttled === true) {\n  cy.fixture('Expenseapproval').then(logindata => {\n    lp.launch();\n    lp.login(logindata.accmail, logindata.password);\n    lp.popupoverride();\n    ap.settlement(logindata.settlestatus);\n    lp.logout();\n  });\n} else {\n  cy.log(' Skipping Accountant settlement as expenses is rejected by manager');\n}",
              "err": {},
              "uuid": "ceec375e-338f-4a09-9ad2-f1b1a7ebf13d",
              "parentUUID": "6e9efc7b-6754-40d9-8072-b3aff6c44ed8",
              "isHook": false,
              "skipped": false
            }
          ],
          "suites": [],
          "passes": [
            "2b748c41-b89d-48c4-a6f1-9f26bf32315e",
            "ac1a2549-c4c9-447b-8439-95c1811cf94a",
            "ceec375e-338f-4a09-9ad2-f1b1a7ebf13d"
          ],
          "failures": [],
          "pending": [],
          "skipped": [],
          "duration": 57029,
          "root": false,
          "rootEmpty": false,
          "_timeout": 2000
        }
      ],
      "passes": [],
      "failures": [],
      "pending": [],
      "skipped": [],
      "duration": 0,
      "root": true,
      "rootEmpty": true,
      "_timeout": 2000
    }
  ],
  "meta": {
    "mocha": {
      "version": "7.0.1"
    },
    "mochawesome": {
      "options": {
        "quiet": false,
        "reportFilename": "mochawesome",
        "saveHtml": false,
        "saveJson": true,
        "consoleReporter": "spec",
        "useInlineDiffs": false,
        "code": true
      },
      "version": "7.1.3"
    },
    "marge": {
      "options": {
        "overwrite": false,
        "html": false,
        "json": true,
        "reportDir": "cypress/reports/html/.jsons"
      },
      "version": "6.2.0"
    }
  }
}